<?xml version="1.0" encoding="UTF-8"?>
<testsuite name="FirstTest.TextboxTest" tests="1" skipped="0" failures="0" errors="0" timestamp="2021-07-18T18:41:09" hostname="016-1-NB-014" time="20.885">
  <properties/>
  <testcase name="happyPath()" classname="FirstTest.TextboxTest" time="20.885"/>
  <system-out><![CDATA[]]></system-out>
  <system-err><![CDATA[SLF4J: Failed to load class "org.slf4j.impl.StaticLoggerBinder".
SLF4J: Defaulting to no-operation (NOP) logger implementation
SLF4J: See http://www.slf4j.org/codes.html#StaticLoggerBinder for further details.
Starting ChromeDriver 91.0.4472.101 (af52a90bf87030dd1523486a1cd3ae25c5d76c9b-refs/branch-heads/4472@{#1462}) on port 15485
Only local connections are allowed.
Please see https://chromedriver.chromium.org/security-considerations for suggestions on keeping ChromeDriver safe.
ChromeDriver was started successfully.
июл. 18, 2021 9:41:11 PM org.openqa.selenium.remote.ProtocolHandshake createSession
INFO: Detected dialect: W3C
]]></system-err>
</testsuite>
